load gcc/4.9.3-gold (PATH, MANPATH, LD_LIBRARY_PATH)load gcc/4.9.3-gold (PATH, MANPATH, LD_LIBRARY_PATH)

load gcc/4.9.3-gold (PATH, MANPATH, LD_LIBRARY_PATH)
load gcc/4.9.3-gold (PATH, MANPATH, LD_LIBRARY_PATH)load gcc/4.9.3-gold (PATH, MANPATH, LD_LIBRARY_PATH)load gcc/4.9.3-gold (PATH, MANPATH, LD_LIBRARY_PATH)


load gcc/4.9.3-gold (PATH, MANPATH, LD_LIBRARY_PATH)load gcc/4.9.3-gold (PATH, MANPATH, LD_LIBRARY_PATH)

load zlib/1.2.8 (CFLAGS,FFLAGS,LDFLAGS)
load gcc/4.9.3-gold (PATH, MANPATH, LD_LIBRARY_PATH)load gcc/4.9.3-gold (PATH, MANPATH, LD_LIBRARY_PATH)load zlib/1.2.8 (CFLAGS,FFLAGS,LDFLAGS)load zlib/1.2.8 (CFLAGS,FFLAGS,LDFLAGS)load gcc/4.9.3-gold (PATH, MANPATH, LD_LIBRARY_PATH)load zlib/1.2.8 (CFLAGS,FFLAGS,LDFLAGS)load zlib/1.2.8 (CFLAGS,FFLAGS,LDFLAGS)

load zlib/1.2.8 (CFLAGS,FFLAGS,LDFLAGS)load HTSLIB/latest (PATH, LD_LIBRARY_PATH, MANPATH)
load zlib/1.2.8 (CFLAGS,FFLAGS,LDFLAGS)


load zlib/1.2.8 (CFLAGS,FFLAGS,LDFLAGS)
load zlib/1.2.8 (CFLAGS,FFLAGS,LDFLAGS)load zlib/1.2.8 (CFLAGS,FFLAGS,LDFLAGS)load VCFTOOLS/0.1.12 (PATH,PERL5LIB,MANPATH)


load HTSLIB/latest (PATH, LD_LIBRARY_PATH, MANPATH)
load HTSLIB/latest (PATH, LD_LIBRARY_PATH, MANPATH)

load HTSLIB/latest (PATH, LD_LIBRARY_PATH, MANPATH)load HTSLIB/latest (PATH, LD_LIBRARY_PATH, MANPATH)load HTSLIB/latest (PATH, LD_LIBRARY_PATH, MANPATH)



load HTSLIB/latest (PATH, LD_LIBRARY_PATH, MANPATH)load zlib/1.2.8 (CFLAGS,FFLAGS,LDFLAGS)load VCFTOOLS/0.1.12 (PATH,PERL5LIB,MANPATH)load VCFTOOLS/0.1.12 (PATH,PERL5LIB,MANPATH)load HTSLIB/latest (PATH, LD_LIBRARY_PATH, MANPATH)
load VCFTOOLS/0.1.12 (PATH,PERL5LIB,MANPATH)


load HTSLIB/latest (PATH, LD_LIBRARY_PATH, MANPATH)

load VCFTOOLS/0.1.12 (PATH,PERL5LIB,MANPATH)load HTSLIB/latest (PATH, LD_LIBRARY_PATH, MANPATH)



load VCFTOOLS/0.1.12 (PATH,PERL5LIB,MANPATH)

load VCFTOOLS/0.1.12 (PATH,PERL5LIB,MANPATH)
load VCFTOOLS/0.1.12 (PATH,PERL5LIB,MANPATH)load VCFTOOLS/0.1.12 (PATH,PERL5LIB,MANPATH)

load HTSLIB/latest (PATH, LD_LIBRARY_PATH, MANPATH)
load VCFTOOLS/0.1.12 (PATH,PERL5LIB,MANPATH)
load VCFTOOLS/0.1.12 (PATH,PERL5LIB,MANPATH)
